<?xml version="1.0" encoding="UTF-8"?>
<testng-results skipped="0" failed="0" ignored="0" total="1" passed="1">
  <reporter-output>
  </reporter-output>
  <suite name="Suite" duration-ms="14948" started-at="2021-07-08T06:10:02Z" finished-at="2021-07-08T06:10:17Z">
    <groups>
    </groups>
    <test name="Test" duration-ms="14948" started-at="2021-07-08T06:10:02Z" finished-at="2021-07-08T06:10:17Z">
      <class name="com.testcases.LoginTest">
        <test-method status="PASS" signature="OpenBrowser()[pri:0, instance:com.testcases.LoginTest@18eed359]" name="OpenBrowser" is-config="true" duration-ms="12270" started-at="2021-07-08T06:10:02Z" finished-at="2021-07-08T06:10:14Z">
          <reporter-output>
          </reporter-output>
        </test-method> <!-- OpenBrowser -->
        <test-method status="PASS" signature="login()[pri:1, instance:com.testcases.LoginTest@18eed359]" name="login" duration-ms="1544" started-at="2021-07-08T06:10:14Z" finished-at="2021-07-08T06:10:16Z">
          <reporter-output>
          </reporter-output>
        </test-method> <!-- login -->
        <test-method status="PASS" signature="closeBrowser()[pri:0, instance:com.testcases.LoginTest@18eed359]" name="closeBrowser" is-config="true" duration-ms="930" started-at="2021-07-08T06:10:16Z" finished-at="2021-07-08T06:10:17Z">
          <reporter-output>
          </reporter-output>
        </test-method> <!-- closeBrowser -->
      </class> <!-- com.testcases.LoginTest -->
    </test> <!-- Test -->
  </suite> <!-- Suite -->
</testng-results>
